<?xml version="1.0" encoding="UTF-8"?>
<!-- Generated by org.testng.reporters.JUnitReportReporter -->
<testsuite hostname="IN2447374W2" failures="0" tests="1" name="testcases.RegisterTest" time="29.297" errors="0" timestamp="2024-04-10T10:11:49 IST" skipped="0">
  <testcase classname="testcases.RegisterTest" name="registerWithAllMandatoryDetail" time="29.297"/>
</testsuite> <!-- testcases.RegisterTest -->
