<?xml version="1.0" encoding="UTF-8"?>
<!-- Generated by org.testng.reporters.JUnitReportReporter -->
<testsuite hostname="IN2447374W2" failures="0" tests="4" name="testcases.LoginTest" time="120.951" errors="0" timestamp="2024-04-11T10:15:50 IST" skipped="0">
  <testcase classname="testcases.LoginTest" name="loginWithValidUsernameAndValidPassword" time="28.782"/>
  <testcase classname="testcases.LoginTest" name="loginWithInvalidUsernameAndValidPassword" time="31.936"/>
  <testcase classname="testcases.LoginTest" name="loginWithWithoutUsernameAndPassword" time="29.523"/>
  <testcase classname="testcases.LoginTest" name="loginWithValidUsernameAndInvalidPassword" time="30.710"/>
</testsuite> <!-- testcases.LoginTest -->
