<?xml version="1.0" encoding="UTF-8"?>
<!-- Generated by org.testng.reporters.JUnitReportReporter -->
<testsuite hostname="IN2447374W2" failures="0" tests="1" name="utilities.Utility" time="0.841" errors="0" timestamp="2024-04-10T09:27:05 IST" skipped="0">
  <testcase classname="utilities.Utility" name="readDataFromExcelFile" time="0.841"/>
</testsuite> <!-- utilities.Utility -->
